<?xml version="1.0" encoding="UTF-8"?>
<coverage generated="1590863715563" clover="3.2.0">
  <project timestamp="1590863715563" name="All files">
    <metrics statements="85" coveredstatements="71" conditionals="8" coveredconditionals="8" methods="18" coveredmethods="15" elements="111" coveredelements="94" complexity="0" loc="85" ncloc="85" packages="2" files="3" classes="3"/>
    <package name="dojo-tdd-node">
      <metrics statements="59" coveredstatements="46" conditionals="0" coveredconditionals="0" methods="9" coveredmethods="7"/>
      <file name="app.js" path="C:\Users\break\Desktop\dojo-tdd-node\app.js">
        <metrics statements="59" coveredstatements="46" conditionals="0" coveredconditionals="0" methods="9" coveredmethods="7"/>
        <line num="1" count="1" type="stmt"/>
        <line num="2" count="1" type="stmt"/>
        <line num="3" count="1" type="stmt"/>
        <line num="4" count="1" type="stmt"/>
        <line num="5" count="1" type="stmt"/>
        <line num="6" count="1" type="stmt"/>
        <line num="8" count="1" type="stmt"/>
        <line num="9" count="11" type="stmt"/>
        <line num="13" count="11" type="stmt"/>
        <line num="14" count="11" type="stmt"/>
        <line num="16" count="11" type="stmt"/>
        <line num="18" count="0" type="stmt"/>
        <line num="19" count="0" type="stmt"/>
        <line num="23" count="1" type="stmt"/>
        <line num="24" count="1" type="stmt"/>
        <line num="25" count="1" type="stmt"/>
        <line num="26" count="1" type="stmt"/>
        <line num="28" count="1" type="stmt"/>
        <line num="29" count="1" type="stmt"/>
        <line num="33" count="0" type="stmt"/>
        <line num="36" count="1" type="stmt"/>
        <line num="37" count="1" type="stmt"/>
        <line num="38" count="1" type="stmt"/>
        <line num="39" count="1" type="stmt"/>
        <line num="41" count="1" type="stmt"/>
        <line num="42" count="1" type="stmt"/>
        <line num="46" count="0" type="stmt"/>
        <line num="50" count="1" type="stmt"/>
        <line num="51" count="2" type="stmt"/>
        <line num="52" count="2" type="stmt"/>
        <line num="53" count="2" type="stmt"/>
        <line num="55" count="2" type="stmt"/>
        <line num="56" count="2" type="stmt"/>
        <line num="60" count="0" type="stmt"/>
        <line num="64" count="1" type="stmt"/>
        <line num="65" count="2" type="stmt"/>
        <line num="66" count="2" type="stmt"/>
        <line num="68" count="2" type="stmt"/>
        <line num="69" count="2" type="stmt"/>
        <line num="73" count="0" type="stmt"/>
        <line num="77" count="1" type="stmt"/>
        <line num="78" count="4" type="stmt"/>
        <line num="79" count="4" type="stmt"/>
        <line num="81" count="4" type="stmt"/>
        <line num="82" count="4" type="stmt"/>
        <line num="86" count="0" type="stmt"/>
        <line num="89" count="1" type="stmt"/>
        <line num="90" count="1" type="stmt"/>
        <line num="91" count="1" type="stmt"/>
        <line num="93" count="1" type="stmt"/>
        <line num="94" count="1" type="stmt"/>
        <line num="96" count="0" type="stmt"/>
        <line num="99" count="1" type="stmt"/>
        <line num="100" count="0" type="stmt"/>
        <line num="101" count="0" type="stmt"/>
        <line num="103" count="0" type="stmt"/>
        <line num="104" count="0" type="stmt"/>
        <line num="108" count="0" type="stmt"/>
        <line num="114" count="1" type="stmt"/>
      </file>
    </package>
    <package name="dojo-tdd-node.src">
      <metrics statements="26" coveredstatements="25" conditionals="8" coveredconditionals="8" methods="9" coveredmethods="8"/>
      <file name="calculator.js" path="C:\Users\break\Desktop\dojo-tdd-node\src\calculator.js">
        <metrics statements="3" coveredstatements="3" conditionals="0" coveredconditionals="0" methods="2" coveredmethods="2"/>
        <line num="2" count="3" type="stmt"/>
        <line num="6" count="4" type="stmt"/>
        <line num="10" count="2" type="stmt"/>
      </file>
      <file name="codebreaker.js" path="C:\Users\break\Desktop\dojo-tdd-node\src\codebreaker.js">
        <metrics statements="23" coveredstatements="22" conditionals="8" coveredconditionals="8" methods="7" coveredmethods="6"/>
        <line num="6" count="2" type="stmt"/>
        <line num="10" count="2" type="stmt"/>
        <line num="14" count="0" type="stmt"/>
        <line num="18" count="9" type="stmt"/>
        <line num="19" count="9" type="stmt"/>
        <line num="20" count="36" type="cond" truecount="2" falsecount="0"/>
        <line num="21" count="14" type="cond" truecount="2" falsecount="0"/>
        <line num="22" count="3" type="stmt"/>
        <line num="24" count="11" type="stmt"/>
        <line num="28" count="9" type="stmt"/>
        <line num="32" count="40" type="cond" truecount="2" falsecount="0"/>
        <line num="33" count="15" type="stmt"/>
        <line num="35" count="25" type="stmt"/>
        <line num="40" count="19" type="cond" truecount="2" falsecount="0"/>
        <line num="41" count="3" type="stmt"/>
        <line num="43" count="16" type="stmt"/>
        <line num="48" count="2" type="stmt"/>
        <line num="49" count="2" type="stmt"/>
        <line num="50" count="20" type="stmt"/>
        <line num="51" count="20" type="stmt"/>
        <line num="53" count="2" type="stmt"/>
        <line num="54" count="2" type="stmt"/>
        <line num="59" count="2" type="stmt"/>
      </file>
    </package>
  </project>
</coverage>
