{"C:\\Users\\break\\Desktop\\dojo-tdd-node\\app.js": {"path":"C:\\Users\\break\\Desktop\\dojo-tdd-node\\app.js","statementMap":{"0":{"start":{"line":1,"column":16},"end":{"line":1,"column":34}},"1":{"start":{"line":2,"column":12},"end":{"line":2,"column":21}},"2":{"start":{"line":3,"column":12},"end":{"line":3,"column":39}},"3":{"start":{"line":4,"column":20},"end":{"line":4,"column":48}},"4":{"start":{"line":5,"column":11},"end":{"line":5,"column":34}},"5":{"start":{"line":6,"column":13},"end":{"line":6,"column":28}},"6":{"start":{"line":9,"column":0},"end":{"line":22,"column":3}},"7":{"start":{"line":10,"column":4},"end":{"line":10,"column":51}},"8":{"start":{"line":14,"column":4},"end":{"line":14,"column":97}},"9":{"start":{"line":15,"column":4},"end":{"line":15,"column":11}},"10":{"start":{"line":17,"column":4},"end":{"line":21,"column":7}},"11":{"start":{"line":19,"column":8},"end":{"line":19,"column":93}},"12":{"start":{"line":20,"column":8},"end":{"line":20,"column":19}},"13":{"start":{"line":24,"column":0},"end":{"line":36,"column":3}},"14":{"start":{"line":25,"column":3},"end":{"line":35,"column":4}},"15":{"start":{"line":26,"column":21},"end":{"line":26,"column":47}},"16":{"start":{"line":27,"column":21},"end":{"line":27,"column":47}},"17":{"start":{"line":29,"column":18},"end":{"line":29,"column":47}},"18":{"start":{"line":30,"column":6},"end":{"line":32,"column":9}},"19":{"start":{"line":34,"column":6},"end":{"line":34,"column":18}},"20":{"start":{"line":37,"column":0},"end":{"line":49,"column":3}},"21":{"start":{"line":38,"column":3},"end":{"line":48,"column":4}},"22":{"start":{"line":39,"column":21},"end":{"line":39,"column":47}},"23":{"start":{"line":40,"column":21},"end":{"line":40,"column":47}},"24":{"start":{"line":42,"column":18},"end":{"line":42,"column":52}},"25":{"start":{"line":43,"column":6},"end":{"line":45,"column":9}},"26":{"start":{"line":47,"column":6},"end":{"line":47,"column":18}},"27":{"start":{"line":51,"column":0},"end":{"line":63,"column":3}},"28":{"start":{"line":52,"column":3},"end":{"line":62,"column":4}},"29":{"start":{"line":53,"column":20},"end":{"line":53,"column":45}},"30":{"start":{"line":54,"column":23},"end":{"line":54,"column":51}},"31":{"start":{"line":56,"column":27},"end":{"line":56,"column":65}},"32":{"start":{"line":57,"column":6},"end":{"line":59,"column":9}},"33":{"start":{"line":61,"column":6},"end":{"line":61,"column":18}},"34":{"start":{"line":65,"column":0},"end":{"line":76,"column":3}},"35":{"start":{"line":66,"column":3},"end":{"line":75,"column":4}},"36":{"start":{"line":67,"column":20},"end":{"line":67,"column":45}},"37":{"start":{"line":69,"column":22},"end":{"line":69,"column":45}},"38":{"start":{"line":70,"column":6},"end":{"line":72,"column":9}},"39":{"start":{"line":74,"column":6},"end":{"line":74,"column":18}},"40":{"start":{"line":78,"column":0},"end":{"line":89,"column":3}},"41":{"start":{"line":79,"column":3},"end":{"line":88,"column":4}},"42":{"start":{"line":80,"column":20},"end":{"line":80,"column":35}},"43":{"start":{"line":82,"column":20},"end":{"line":82,"column":41}},"44":{"start":{"line":83,"column":6},"end":{"line":85,"column":9}},"45":{"start":{"line":87,"column":6},"end":{"line":87,"column":18}},"46":{"start":{"line":90,"column":0},"end":{"line":101,"column":3}},"47":{"start":{"line":91,"column":3},"end":{"line":100,"column":4}},"48":{"start":{"line":92,"column":20},"end":{"line":92,"column":35}},"49":{"start":{"line":94,"column":21},"end":{"line":94,"column":46}},"50":{"start":{"line":95,"column":6},"end":{"line":97,"column":9}},"51":{"start":{"line":99,"column":6},"end":{"line":99,"column":18}},"52":{"start":{"line":102,"column":0},"end":{"line":113,"column":3}},"53":{"start":{"line":103,"column":3},"end":{"line":112,"column":4}},"54":{"start":{"line":104,"column":20},"end":{"line":104,"column":35}},"55":{"start":{"line":106,"column":21},"end":{"line":106,"column":46}},"56":{"start":{"line":107,"column":6},"end":{"line":109,"column":9}},"57":{"start":{"line":111,"column":6},"end":{"line":111,"column":18}},"58":{"start":{"line":117,"column":0},"end":{"line":117,"column":21}}},"fnMap":{"0":{"name":"(anonymous_0)","decl":{"start":{"line":9,"column":8},"end":{"line":9,"column":9}},"loc":{"start":{"line":9,"column":28},"end":{"line":22,"column":1}},"line":9},"1":{"name":"(anonymous_1)","decl":{"start":{"line":17,"column":21},"end":{"line":17,"column":22}},"loc":{"start":{"line":17,"column":35},"end":{"line":21,"column":5}},"line":17},"2":{"name":"(anonymous_2)","decl":{"start":{"line":24,"column":27},"end":{"line":24,"column":28}},"loc":{"start":{"line":24,"column":47},"end":{"line":36,"column":1}},"line":24},"3":{"name":"(anonymous_3)","decl":{"start":{"line":37,"column":27},"end":{"line":37,"column":28}},"loc":{"start":{"line":37,"column":47},"end":{"line":49,"column":1}},"line":37},"4":{"name":"(anonymous_4)","decl":{"start":{"line":51,"column":37},"end":{"line":51,"column":38}},"loc":{"start":{"line":51,"column":57},"end":{"line":63,"column":1}},"line":51},"5":{"name":"(anonymous_5)","decl":{"start":{"line":65,"column":32},"end":{"line":65,"column":33}},"loc":{"start":{"line":65,"column":52},"end":{"line":76,"column":1}},"line":65},"6":{"name":"(anonymous_6)","decl":{"start":{"line":78,"column":30},"end":{"line":78,"column":31}},"loc":{"start":{"line":78,"column":50},"end":{"line":89,"column":1}},"line":78},"7":{"name":"(anonymous_7)","decl":{"start":{"line":90,"column":34},"end":{"line":90,"column":35}},"loc":{"start":{"line":90,"column":54},"end":{"line":101,"column":1}},"line":90},"8":{"name":"(anonymous_8)","decl":{"start":{"line":102,"column":34},"end":{"line":102,"column":35}},"loc":{"start":{"line":102,"column":54},"end":{"line":113,"column":1}},"line":102}},"branchMap":{},"s":{"0":1,"1":1,"2":1,"3":1,"4":1,"5":1,"6":1,"7":11,"8":11,"9":11,"10":11,"11":0,"12":0,"13":1,"14":1,"15":1,"16":1,"17":1,"18":1,"19":0,"20":1,"21":1,"22":1,"23":1,"24":1,"25":1,"26":0,"27":1,"28":2,"29":2,"30":2,"31":2,"32":2,"33":0,"34":1,"35":2,"36":2,"37":2,"38":2,"39":0,"40":1,"41":4,"42":4,"43":4,"44":4,"45":0,"46":1,"47":1,"48":1,"49":1,"50":1,"51":0,"52":1,"53":0,"54":0,"55":0,"56":0,"57":0,"58":1},"f":{"0":11,"1":0,"2":1,"3":1,"4":2,"5":2,"6":4,"7":1,"8":0},"b":{},"_coverageSchema":"1a1c01bbd47fc00a2c39e90264f33305004495a9","hash":"0d323dfd31c4844b0cc485e67b28b49700edb2fb"}
,"C:\\Users\\break\\Desktop\\dojo-tdd-node\\src\\calculator.js": {"path":"C:\\Users\\break\\Desktop\\dojo-tdd-node\\src\\calculator.js","statementMap":{"0":{"start":{"line":2,"column":3},"end":{"line":2,"column":16}},"1":{"start":{"line":6,"column":3},"end":{"line":6,"column":16}},"2":{"start":{"line":10,"column":0},"end":{"line":13,"column":2}}},"fnMap":{"0":{"name":"add","decl":{"start":{"line":1,"column":9},"end":{"line":1,"column":12}},"loc":{"start":{"line":1,"column":19},"end":{"line":3,"column":1}},"line":1},"1":{"name":"subtract","decl":{"start":{"line":5,"column":9},"end":{"line":5,"column":17}},"loc":{"start":{"line":5,"column":24},"end":{"line":7,"column":1}},"line":5}},"branchMap":{},"s":{"0":3,"1":4,"2":2},"f":{"0":3,"1":4},"b":{},"_coverageSchema":"1a1c01bbd47fc00a2c39e90264f33305004495a9","hash":"3832799f9dfb185e35ef59ed3857f22d2b4256db"}
,"C:\\Users\\break\\Desktop\\dojo-tdd-node\\src\\codebreaker.js": {"path":"C:\\Users\\break\\Desktop\\dojo-tdd-node\\src\\codebreaker.js","statementMap":{"0":{"start":{"line":5,"column":6},"end":{"line":5,"column":29}},"1":{"start":{"line":9,"column":6},"end":{"line":9,"column":26}},"2":{"start":{"line":13,"column":6},"end":{"line":13,"column":25}},"3":{"start":{"line":17,"column":21},"end":{"line":17,"column":23}},"4":{"start":{"line":18,"column":6},"end":{"line":26,"column":7}},"5":{"start":{"line":18,"column":19},"end":{"line":18,"column":20}},"6":{"start":{"line":19,"column":9},"end":{"line":25,"column":10}},"7":{"start":{"line":20,"column":12},"end":{"line":24,"column":13}},"8":{"start":{"line":21,"column":15},"end":{"line":21,"column":41}},"9":{"start":{"line":23,"column":15},"end":{"line":23,"column":41}},"10":{"start":{"line":27,"column":6},"end":{"line":27,"column":22}},"11":{"start":{"line":31,"column":6},"end":{"line":35,"column":7}},"12":{"start":{"line":32,"column":9},"end":{"line":32,"column":20}},"13":{"start":{"line":34,"column":9},"end":{"line":34,"column":21}},"14":{"start":{"line":39,"column":6},"end":{"line":43,"column":7}},"15":{"start":{"line":40,"column":9},"end":{"line":40,"column":20}},"16":{"start":{"line":42,"column":9},"end":{"line":42,"column":21}},"17":{"start":{"line":47,"column":0},"end":{"line":47,"column":29}}},"fnMap":{"0":{"name":"(anonymous_0)","decl":{"start":{"line":4,"column":3},"end":{"line":4,"column":4}},"loc":{"start":{"line":4,"column":26},"end":{"line":6,"column":4}},"line":4},"1":{"name":"(anonymous_1)","decl":{"start":{"line":8,"column":3},"end":{"line":8,"column":4}},"loc":{"start":{"line":8,"column":20},"end":{"line":10,"column":4}},"line":8},"2":{"name":"(anonymous_2)","decl":{"start":{"line":12,"column":3},"end":{"line":12,"column":4}},"loc":{"start":{"line":12,"column":14},"end":{"line":14,"column":4}},"line":12},"3":{"name":"(anonymous_3)","decl":{"start":{"line":16,"column":3},"end":{"line":16,"column":4}},"loc":{"start":{"line":16,"column":16},"end":{"line":28,"column":4}},"line":16},"4":{"name":"(anonymous_4)","decl":{"start":{"line":30,"column":3},"end":{"line":30,"column":4}},"loc":{"start":{"line":30,"column":18},"end":{"line":36,"column":4}},"line":30},"5":{"name":"(anonymous_5)","decl":{"start":{"line":38,"column":3},"end":{"line":38,"column":4}},"loc":{"start":{"line":38,"column":33},"end":{"line":44,"column":4}},"line":38}},"branchMap":{"0":{"loc":{"start":{"line":19,"column":9},"end":{"line":25,"column":10}},"type":"if","locations":[{"start":{"line":19,"column":9},"end":{"line":25,"column":10}},{"start":{"line":19,"column":9},"end":{"line":25,"column":10}}],"line":19},"1":{"loc":{"start":{"line":20,"column":12},"end":{"line":24,"column":13}},"type":"if","locations":[{"start":{"line":20,"column":12},"end":{"line":24,"column":13}},{"start":{"line":20,"column":12},"end":{"line":24,"column":13}}],"line":20},"2":{"loc":{"start":{"line":31,"column":6},"end":{"line":35,"column":7}},"type":"if","locations":[{"start":{"line":31,"column":6},"end":{"line":35,"column":7}},{"start":{"line":31,"column":6},"end":{"line":35,"column":7}}],"line":31},"3":{"loc":{"start":{"line":39,"column":6},"end":{"line":43,"column":7}},"type":"if","locations":[{"start":{"line":39,"column":6},"end":{"line":43,"column":7}},{"start":{"line":39,"column":6},"end":{"line":43,"column":7}}],"line":39}},"s":{"0":2,"1":2,"2":0,"3":9,"4":9,"5":9,"6":36,"7":25,"8":13,"9":12,"10":9,"11":40,"12":27,"13":13,"14":30,"15":16,"16":14,"17":2},"f":{"0":2,"1":2,"2":0,"3":9,"4":40,"5":30},"b":{"0":[25,11],"1":[13,12],"2":[27,13],"3":[16,14]},"_coverageSchema":"1a1c01bbd47fc00a2c39e90264f33305004495a9","hash":"2744c6f71afe7ac8175aaf00f4c04cae3f580d91"}
}
