{"C:\\Users\\break\\Desktop\\dojo-tdd-node\\app.js": {"path":"C:\\Users\\break\\Desktop\\dojo-tdd-node\\app.js","statementMap":{"0":{"start":{"line":1,"column":16},"end":{"line":1,"column":34}},"1":{"start":{"line":2,"column":12},"end":{"line":2,"column":21}},"2":{"start":{"line":3,"column":12},"end":{"line":3,"column":39}},"3":{"start":{"line":4,"column":20},"end":{"line":4,"column":48}},"4":{"start":{"line":5,"column":11},"end":{"line":5,"column":34}},"5":{"start":{"line":7,"column":0},"end":{"line":19,"column":3}},"6":{"start":{"line":8,"column":3},"end":{"line":18,"column":4}},"7":{"start":{"line":9,"column":21},"end":{"line":9,"column":47}},"8":{"start":{"line":10,"column":21},"end":{"line":10,"column":47}},"9":{"start":{"line":12,"column":18},"end":{"line":12,"column":47}},"10":{"start":{"line":13,"column":6},"end":{"line":15,"column":9}},"11":{"start":{"line":17,"column":6},"end":{"line":17,"column":18}},"12":{"start":{"line":20,"column":0},"end":{"line":32,"column":3}},"13":{"start":{"line":21,"column":3},"end":{"line":31,"column":4}},"14":{"start":{"line":22,"column":21},"end":{"line":22,"column":47}},"15":{"start":{"line":23,"column":21},"end":{"line":23,"column":47}},"16":{"start":{"line":25,"column":18},"end":{"line":25,"column":52}},"17":{"start":{"line":26,"column":6},"end":{"line":28,"column":9}},"18":{"start":{"line":30,"column":6},"end":{"line":30,"column":18}},"19":{"start":{"line":34,"column":0},"end":{"line":46,"column":3}},"20":{"start":{"line":35,"column":3},"end":{"line":45,"column":4}},"21":{"start":{"line":36,"column":20},"end":{"line":36,"column":45}},"22":{"start":{"line":37,"column":23},"end":{"line":37,"column":51}},"23":{"start":{"line":39,"column":27},"end":{"line":39,"column":65}},"24":{"start":{"line":40,"column":6},"end":{"line":42,"column":9}},"25":{"start":{"line":44,"column":6},"end":{"line":44,"column":18}},"26":{"start":{"line":48,"column":0},"end":{"line":59,"column":3}},"27":{"start":{"line":49,"column":3},"end":{"line":58,"column":4}},"28":{"start":{"line":50,"column":20},"end":{"line":50,"column":45}},"29":{"start":{"line":52,"column":22},"end":{"line":52,"column":45}},"30":{"start":{"line":53,"column":6},"end":{"line":55,"column":9}},"31":{"start":{"line":57,"column":6},"end":{"line":57,"column":18}},"32":{"start":{"line":61,"column":0},"end":{"line":72,"column":3}},"33":{"start":{"line":62,"column":3},"end":{"line":71,"column":4}},"34":{"start":{"line":63,"column":20},"end":{"line":63,"column":35}},"35":{"start":{"line":65,"column":20},"end":{"line":65,"column":41}},"36":{"start":{"line":66,"column":6},"end":{"line":68,"column":9}},"37":{"start":{"line":70,"column":6},"end":{"line":70,"column":18}},"38":{"start":{"line":73,"column":0},"end":{"line":82,"column":3}},"39":{"start":{"line":74,"column":3},"end":{"line":81,"column":4}},"40":{"start":{"line":75,"column":20},"end":{"line":75,"column":35}},"41":{"start":{"line":77,"column":6},"end":{"line":77,"column":32}},"42":{"start":{"line":78,"column":6},"end":{"line":78,"column":29}},"43":{"start":{"line":80,"column":6},"end":{"line":80,"column":18}},"44":{"start":{"line":86,"column":0},"end":{"line":86,"column":21}}},"fnMap":{"0":{"name":"(anonymous_0)","decl":{"start":{"line":7,"column":27},"end":{"line":7,"column":28}},"loc":{"start":{"line":7,"column":47},"end":{"line":19,"column":1}},"line":7},"1":{"name":"(anonymous_1)","decl":{"start":{"line":20,"column":27},"end":{"line":20,"column":28}},"loc":{"start":{"line":20,"column":47},"end":{"line":32,"column":1}},"line":20},"2":{"name":"(anonymous_2)","decl":{"start":{"line":34,"column":37},"end":{"line":34,"column":38}},"loc":{"start":{"line":34,"column":57},"end":{"line":46,"column":1}},"line":34},"3":{"name":"(anonymous_3)","decl":{"start":{"line":48,"column":32},"end":{"line":48,"column":33}},"loc":{"start":{"line":48,"column":52},"end":{"line":59,"column":1}},"line":48},"4":{"name":"(anonymous_4)","decl":{"start":{"line":61,"column":30},"end":{"line":61,"column":31}},"loc":{"start":{"line":61,"column":50},"end":{"line":72,"column":1}},"line":61},"5":{"name":"(anonymous_5)","decl":{"start":{"line":73,"column":34},"end":{"line":73,"column":35}},"loc":{"start":{"line":73,"column":54},"end":{"line":82,"column":1}},"line":73}},"branchMap":{},"s":{"0":1,"1":1,"2":1,"3":1,"4":1,"5":1,"6":1,"7":1,"8":1,"9":1,"10":1,"11":0,"12":1,"13":1,"14":1,"15":1,"16":1,"17":1,"18":0,"19":1,"20":2,"21":2,"22":2,"23":2,"24":2,"25":0,"26":1,"27":2,"28":2,"29":2,"30":2,"31":0,"32":1,"33":4,"34":4,"35":4,"36":4,"37":0,"38":1,"39":1,"40":1,"41":1,"42":1,"43":0,"44":1},"f":{"0":1,"1":1,"2":2,"3":2,"4":4,"5":1},"b":{},"_coverageSchema":"1a1c01bbd47fc00a2c39e90264f33305004495a9","hash":"790742d9e312e8d11f67b8b9b9d4339c7740087a"}
,"C:\\Users\\break\\Desktop\\dojo-tdd-node\\src\\calculator.js": {"path":"C:\\Users\\break\\Desktop\\dojo-tdd-node\\src\\calculator.js","statementMap":{"0":{"start":{"line":2,"column":3},"end":{"line":2,"column":16}},"1":{"start":{"line":6,"column":3},"end":{"line":6,"column":16}},"2":{"start":{"line":10,"column":0},"end":{"line":13,"column":2}}},"fnMap":{"0":{"name":"add","decl":{"start":{"line":1,"column":9},"end":{"line":1,"column":12}},"loc":{"start":{"line":1,"column":19},"end":{"line":3,"column":1}},"line":1},"1":{"name":"subtract","decl":{"start":{"line":5,"column":9},"end":{"line":5,"column":17}},"loc":{"start":{"line":5,"column":24},"end":{"line":7,"column":1}},"line":5}},"branchMap":{},"s":{"0":3,"1":4,"2":2},"f":{"0":3,"1":4},"b":{},"_coverageSchema":"1a1c01bbd47fc00a2c39e90264f33305004495a9","hash":"3832799f9dfb185e35ef59ed3857f22d2b4256db"}
,"C:\\Users\\break\\Desktop\\dojo-tdd-node\\src\\codebreaker.js": {"path":"C:\\Users\\break\\Desktop\\dojo-tdd-node\\src\\codebreaker.js","statementMap":{"0":{"start":{"line":5,"column":6},"end":{"line":5,"column":29}},"1":{"start":{"line":9,"column":6},"end":{"line":9,"column":26}},"2":{"start":{"line":13,"column":21},"end":{"line":13,"column":23}},"3":{"start":{"line":14,"column":6},"end":{"line":22,"column":7}},"4":{"start":{"line":14,"column":19},"end":{"line":14,"column":20}},"5":{"start":{"line":15,"column":9},"end":{"line":21,"column":10}},"6":{"start":{"line":16,"column":12},"end":{"line":20,"column":13}},"7":{"start":{"line":17,"column":15},"end":{"line":17,"column":41}},"8":{"start":{"line":19,"column":15},"end":{"line":19,"column":41}},"9":{"start":{"line":23,"column":6},"end":{"line":23,"column":22}},"10":{"start":{"line":27,"column":6},"end":{"line":31,"column":7}},"11":{"start":{"line":28,"column":9},"end":{"line":28,"column":20}},"12":{"start":{"line":30,"column":9},"end":{"line":30,"column":21}},"13":{"start":{"line":35,"column":6},"end":{"line":39,"column":7}},"14":{"start":{"line":36,"column":9},"end":{"line":36,"column":20}},"15":{"start":{"line":38,"column":9},"end":{"line":38,"column":21}},"16":{"start":{"line":43,"column":0},"end":{"line":43,"column":29}}},"fnMap":{"0":{"name":"(anonymous_0)","decl":{"start":{"line":4,"column":3},"end":{"line":4,"column":4}},"loc":{"start":{"line":4,"column":26},"end":{"line":6,"column":4}},"line":4},"1":{"name":"(anonymous_1)","decl":{"start":{"line":8,"column":3},"end":{"line":8,"column":4}},"loc":{"start":{"line":8,"column":20},"end":{"line":10,"column":4}},"line":8},"2":{"name":"(anonymous_2)","decl":{"start":{"line":12,"column":3},"end":{"line":12,"column":4}},"loc":{"start":{"line":12,"column":16},"end":{"line":24,"column":4}},"line":12},"3":{"name":"(anonymous_3)","decl":{"start":{"line":26,"column":3},"end":{"line":26,"column":4}},"loc":{"start":{"line":26,"column":18},"end":{"line":32,"column":4}},"line":26},"4":{"name":"(anonymous_4)","decl":{"start":{"line":34,"column":3},"end":{"line":34,"column":4}},"loc":{"start":{"line":34,"column":33},"end":{"line":40,"column":4}},"line":34}},"branchMap":{"0":{"loc":{"start":{"line":15,"column":9},"end":{"line":21,"column":10}},"type":"if","locations":[{"start":{"line":15,"column":9},"end":{"line":21,"column":10}},{"start":{"line":15,"column":9},"end":{"line":21,"column":10}}],"line":15},"1":{"loc":{"start":{"line":16,"column":12},"end":{"line":20,"column":13}},"type":"if","locations":[{"start":{"line":16,"column":12},"end":{"line":20,"column":13}},{"start":{"line":16,"column":12},"end":{"line":20,"column":13}}],"line":16},"2":{"loc":{"start":{"line":27,"column":6},"end":{"line":31,"column":7}},"type":"if","locations":[{"start":{"line":27,"column":6},"end":{"line":31,"column":7}},{"start":{"line":27,"column":6},"end":{"line":31,"column":7}}],"line":27},"3":{"loc":{"start":{"line":35,"column":6},"end":{"line":39,"column":7}},"type":"if","locations":[{"start":{"line":35,"column":6},"end":{"line":39,"column":7}},{"start":{"line":35,"column":6},"end":{"line":39,"column":7}}],"line":35}},"s":{"0":2,"1":2,"2":9,"3":9,"4":9,"5":36,"6":25,"7":13,"8":12,"9":9,"10":40,"11":27,"12":13,"13":30,"14":16,"15":14,"16":2},"f":{"0":2,"1":2,"2":9,"3":40,"4":30},"b":{"0":[25,11],"1":[13,12],"2":[27,13],"3":[16,14]},"_coverageSchema":"1a1c01bbd47fc00a2c39e90264f33305004495a9","hash":"3dc4cb74ba1ec659419c4970914c6b511e2c2be2"}
}
