TN:
SF:app.js
FN:9,(anonymous_0)
FN:17,(anonymous_1)
FN:24,(anonymous_2)
FN:37,(anonymous_3)
FN:51,(anonymous_4)
FN:65,(anonymous_5)
FN:78,(anonymous_6)
FN:90,(anonymous_7)
FN:102,(anonymous_8)
FNF:9
FNH:7
FNDA:11,(anonymous_0)
FNDA:0,(anonymous_1)
FNDA:1,(anonymous_2)
FNDA:1,(anonymous_3)
FNDA:2,(anonymous_4)
FNDA:2,(anonymous_5)
FNDA:4,(anonymous_6)
FNDA:1,(anonymous_7)
FNDA:0,(anonymous_8)
DA:1,1
DA:2,1
DA:3,1
DA:4,1
DA:5,1
DA:6,1
DA:9,1
DA:10,11
DA:14,11
DA:15,11
DA:17,11
DA:19,0
DA:20,0
DA:24,1
DA:25,1
DA:26,1
DA:27,1
DA:29,1
DA:30,1
DA:34,0
DA:37,1
DA:38,1
DA:39,1
DA:40,1
DA:42,1
DA:43,1
DA:47,0
DA:51,1
DA:52,2
DA:53,2
DA:54,2
DA:56,2
DA:57,2
DA:61,0
DA:65,1
DA:66,2
DA:67,2
DA:69,2
DA:70,2
DA:74,0
DA:78,1
DA:79,4
DA:80,4
DA:82,4
DA:83,4
DA:87,0
DA:90,1
DA:91,1
DA:92,1
DA:94,1
DA:95,1
DA:99,0
DA:102,1
DA:103,0
DA:104,0
DA:106,0
DA:107,0
DA:111,0
DA:117,1
LF:59
LH:46
BRF:0
BRH:0
end_of_record
TN:
SF:src\calculator.js
FN:1,add
FN:5,subtract
FNF:2
FNH:2
FNDA:3,add
FNDA:4,subtract
DA:2,3
DA:6,4
DA:10,2
LF:3
LH:3
BRF:0
BRH:0
end_of_record
TN:
SF:src\codebreaker.js
FN:4,(anonymous_0)
FN:8,(anonymous_1)
FN:12,(anonymous_2)
FN:16,(anonymous_3)
FN:30,(anonymous_4)
FN:38,(anonymous_5)
FNF:6
FNH:5
FNDA:2,(anonymous_0)
FNDA:2,(anonymous_1)
FNDA:0,(anonymous_2)
FNDA:9,(anonymous_3)
FNDA:40,(anonymous_4)
FNDA:30,(anonymous_5)
DA:5,2
DA:9,2
DA:13,0
DA:17,9
DA:18,9
DA:19,36
DA:20,25
DA:21,13
DA:23,12
DA:27,9
DA:31,40
DA:32,27
DA:34,13
DA:39,30
DA:40,16
DA:42,14
DA:47,2
LF:17
LH:16
BRDA:19,0,0,25
BRDA:19,0,1,11
BRDA:20,1,0,13
BRDA:20,1,1,12
BRDA:31,2,0,27
BRDA:31,2,1,13
BRDA:39,3,0,16
BRDA:39,3,1,14
BRF:8
BRH:8
end_of_record
