TN:
SF:app.js
FN:8,(anonymous_0)
FN:16,(anonymous_1)
FN:23,(anonymous_2)
FN:36,(anonymous_3)
FN:50,(anonymous_4)
FN:64,(anonymous_5)
FN:77,(anonymous_6)
FN:89,(anonymous_7)
FN:99,(anonymous_8)
FNF:9
FNH:7
FNDA:11,(anonymous_0)
FNDA:0,(anonymous_1)
FNDA:1,(anonymous_2)
FNDA:1,(anonymous_3)
FNDA:2,(anonymous_4)
FNDA:2,(anonymous_5)
FNDA:4,(anonymous_6)
FNDA:1,(anonymous_7)
FNDA:0,(anonymous_8)
DA:1,1
DA:2,1
DA:3,1
DA:4,1
DA:5,1
DA:6,1
DA:8,1
DA:9,11
DA:13,11
DA:14,11
DA:16,11
DA:18,0
DA:19,0
DA:23,1
DA:24,1
DA:25,1
DA:26,1
DA:28,1
DA:29,1
DA:33,0
DA:36,1
DA:37,1
DA:38,1
DA:39,1
DA:41,1
DA:42,1
DA:46,0
DA:50,1
DA:51,2
DA:52,2
DA:53,2
DA:55,2
DA:56,2
DA:60,0
DA:64,1
DA:65,2
DA:66,2
DA:68,2
DA:69,2
DA:73,0
DA:77,1
DA:78,4
DA:79,4
DA:81,4
DA:82,4
DA:86,0
DA:89,1
DA:90,1
DA:91,1
DA:93,1
DA:94,1
DA:96,0
DA:99,1
DA:100,0
DA:101,0
DA:103,0
DA:104,0
DA:108,0
DA:114,1
LF:59
LH:46
BRF:0
BRH:0
end_of_record
TN:
SF:src\calculator.js
FN:1,add
FN:5,subtract
FNF:2
FNH:2
FNDA:3,add
FNDA:4,subtract
DA:2,3
DA:6,4
DA:10,2
LF:3
LH:3
BRF:0
BRH:0
end_of_record
TN:
SF:src\codebreaker.js
FN:4,(anonymous_0)
FN:9,(anonymous_1)
FN:13,(anonymous_2)
FN:17,(anonymous_3)
FN:31,(anonymous_4)
FN:39,(anonymous_5)
FN:47,(anonymous_6)
FNF:7
FNH:6
FNDA:2,(anonymous_0)
FNDA:2,(anonymous_1)
FNDA:0,(anonymous_2)
FNDA:9,(anonymous_3)
FNDA:40,(anonymous_4)
FNDA:19,(anonymous_5)
FNDA:2,(anonymous_6)
DA:6,2
DA:10,2
DA:14,0
DA:18,9
DA:19,9
DA:20,36
DA:21,14
DA:22,3
DA:24,11
DA:28,9
DA:32,40
DA:33,15
DA:35,25
DA:40,19
DA:41,3
DA:43,16
DA:48,2
DA:49,2
DA:50,20
DA:51,20
DA:53,2
DA:54,2
DA:59,2
LF:23
LH:22
BRDA:20,0,0,14
BRDA:20,0,1,22
BRDA:21,1,0,3
BRDA:21,1,1,11
BRDA:32,2,0,15
BRDA:32,2,1,25
BRDA:40,3,0,3
BRDA:40,3,1,16
BRF:8
BRH:8
end_of_record
